<?xml version="1.0" encoding="UTF-8"?>
<testsuite xmlns:xsi="http://www.w3.org/2001/XMLSchema-instance" xsi:noNamespaceSchemaLocation="https://maven.apache.org/surefire/maven-surefire-plugin/xsd/surefire-test-report-3.0.xsd" version="3.0" name="sistemagestioncombos.ArchivoComboTest$ArchivoComboTestAdicional" time="0.087" tests="22" errors="0" skipped="0" failures="0">
  <properties>
[...]
</properties>
  <testcase name="cargarCombos_ArchivoValido_CargaCorrectamente" classname="sistemagestioncombos.ArchivoComboTest" time="1.165"/>
  <testcase name="cargarCombos_ProductosInexistentes_SoloAgregaExistentes" classname="sistemagestioncombos.ArchivoComboTest" time="0.006"/>
  <testcase name="guardarCombos_ListaValida_EscribeCorrectamente" classname="sistemagestioncombos.ArchivoComboTest" time="0.022"/>
  <testcase name="constructor_RutaVacia_LanzaExcepcion" classname="sistemagestioncombos.ArchivoComboTest" time="0.006"/>
  <testcase name="constructor_RutaNula_LanzaExcepcion" classname="sistemagestioncombos.ArchivoComboTest" time="0.004"/>
  <testcase name="cargarCombos_ArchivoVacio_RetornaListaVacia" classname="sistemagestioncombos.ArchivoComboTest" time="0.004"/>
  <testcase name="cargarCombos_DatosMalformados_LanzaNumberFormatException" classname="sistemagestioncombos.ArchivoComboTest" time="0.006"/>
  <testcase name="constructor_RutaValida_CreaInstancia" classname="sistemagestioncombos.ArchivoComboTest" time="0.003"/>
  <testcase name="guardarCombos_ListaVacia_EscribeArchivoVacio" classname="sistemagestioncombos.ArchivoComboTest" time="0.004"/>
  <testcase name="cargarCombos_ArchivoNoExistente_RetornaListaVacia" classname="sistemagestioncombos.ArchivoComboTest" time="0.004"/>
  <testcase name="cargarCombos_PreciosNoConcuerdan_DetectaDiferencia" classname="sistemagestioncombos.ArchivoComboTest$ArchivoComboTestAdicional" time="0.009"/>
  <testcase name="cargarCombos_ArchivoNoExiste_EjecutaOrdenamiento" classname="sistemagestioncombos.ArchivoComboTest$ArchivoComboTestAdicional" time="0.005"/>
  <testcase name="guardarCombos_MultiplesCombos_OrdenaCorrectamente" classname="sistemagestioncombos.ArchivoComboTest$ArchivoComboTestAdicional" time="0.007"/>
  <testcase name="cargarCombos_ComboSinProductos_CargaCorrectamente" classname="sistemagestioncombos.ArchivoComboTest$ArchivoComboTestAdicional" time="0.008"/>
  <testcase name="guardarCombos_ComboSinProductos_GuardaCorrectamente" classname="sistemagestioncombos.ArchivoComboTest$ArchivoComboTestAdicional" time="0.006"/>
  <testcase name="cargarCombos_ProductosConEspacios_ManejaTrimCorrectamente" classname="sistemagestioncombos.ArchivoComboTest$ArchivoComboTestAdicional" time="0.007"/>
  <testcase name="cargarCombos_ComasMultiples_ManejaCorrectamente" classname="sistemagestioncombos.ArchivoComboTest$ArchivoComboTestAdicional" time="0.007"/>
  <testcase name="cargarCombos_DatosConEspacios_HaceTrim" classname="sistemagestioncombos.ArchivoComboTest$ArchivoComboTestAdicional" time="0.006"/>
  <testcase name="cargarCombos_LineasMalformadas_IgnoraLineasInvalidas" classname="sistemagestioncombos.ArchivoComboTest$ArchivoComboTestAdicional" time="0.005"/>
  <testcase name="cargarCombos_LineasConCamposExtra_ProcesaCorrectamente" classname="sistemagestioncombos.ArchivoComboTest$ArchivoComboTestAdicional" time="0.007"/>
  <testcase name="guardarYCargar_CicloCompleto_MantieneDatos" classname="sistemagestioncombos.ArchivoComboTest$ArchivoComboTestAdicional" time="0.006"/>
  <testcase name="constructor_RutaSoloEspacios_LanzaExcepcion" classname="sistemagestioncombos.ArchivoComboTest$ArchivoComboTestAdicional" time="0.004"/>
</testsuite>